#
# A fatal error has been detected by the Java Runtime Environment:
#
#  EXCEPTION_ACCESS_VIOLATION (0xc0000005) at pc=0x000000007288a3c5, pid=18584, tid=9892
#
# JRE version: Java(TM) SE Runtime Environment (8.0_25-b18) (build 1.8.0_25-b18)
# Java VM: Java HotSpot(TM) 64-Bit Server VM (25.25-b02 mixed mode windows-amd64 compressed oops)
# Problematic frame:
# V  [jvm.dll+0x11a3c5]
#
# Failed to write core dump. Minidumps are not enabled by default on client versions of Windows
#
# If you would like to submit a bug report, please visit:
#   http://bugreport.sun.com/bugreport/crash.jsp
#

---------------  T H R E A D  ---------------

Current thread (0x000000001792c000):  JavaThread "JDWP Transport Listener: dt_socket" daemon [_thread_in_vm, id=9892, stack(0x00000000191c0000,0x00000000192c0000)]

siginfo: ExceptionCode=0xc0000005, reading address 0xffffffffffffffff

Registers:
RAX=0x00000000192bf901, RBX=0x000000001792c000, RCX=0x003b003b7265003b, RDX=0x0000000000000000
RSP=0x00000000192bf920, RBP=0x003b003b7265003b, RSI=0x00000000192bfa38, RDI=0x0000000002ceed50
R8 =0x000000001792c000, R9 =0x0000000000008000, R10=0x0000000000000000, R11=0x000000001e825ddd
R12=0x0000000000000000, R13=0x0000000017935428, R14=0x0000000000000000, R15=0x0000000000000000
RIP=0x000000007288a3c5, EFLAGS=0x0000000000010202

Top of Stack: (sp=0x00000000192bf920)
0x00000000192bf920:   000000001792c000 000000001792c000
0x00000000192bf930:   00000000192bf9e8 0000000072a878db
0x00000000192bf940:   000000001792c000 0000000072aa413d
0x00000000192bf950:   0000000000000000 0000000072709149
0x00000000192bf960:   000000001de0d198 0000000072712912
0x00000000192bf970:   000000001792c000 0000000000000000
0x00000000192bf980:   0000000000000000 0000000000000000
0x00000000192bf990:   003b003b7265003b 0000000072711a09
0x00000000192bf9a0:   00000000192bfa38 00000000192bfa10
0x00000000192bf9b0:   0000000000000001 000000001de0d198
0x00000000192bf9c0:   003b003b7265003b 00000000726f53b3
0x00000000192bf9d0:   00000000192bfb00 0000000000000001
0x00000000192bf9e0:   0000000000000001 000000001de0d198
0x00000000192bf9f0:   0000000000000001 0000000000000000
0x00000000192bfa00:   0000000000000000 0000000000000000
0x00000000192bfa10:   0000000000000001 00000000726f5571 

Instructions: (pc=0x000000007288a3c5)
0x000000007288a3a5:   cc cc cc cc cc cc cc cc cc cc cc 48 83 ec 28 48
0x000000007288a3b5:   85 c9 75 07 33 c0 48 83 c4 28 c3 48 89 5c 24 20
0x000000007288a3c5:   48 8b 19 48 85 db 74 20 48 83 fb 37 74 1a 48 8b
0x000000007288a3d5:   13 48 8b cb ff 52 10 84 c0 74 0d 48 8b c3 48 8b 


Register to memory mapping:

RAX=0x00000000192bf901 is pointing into the stack for thread: 0x000000001792c000
RBX=0x000000001792c000 is a thread
RCX=0x003b003b7265003b is an unknown value
RDX=0x0000000000000000 is an unknown value
RSP=0x00000000192bf920 is pointing into the stack for thread: 0x000000001792c000
RBP=0x003b003b7265003b is an unknown value
RSI=0x00000000192bfa38 is pointing into the stack for thread: 0x000000001792c000
RDI=0x0000000002ceed50 is an unknown value
R8 =0x000000001792c000 is a thread
R9 =0x0000000000008000 is an unknown value
R10=0x0000000000000000 is an unknown value
R11=0x000000001e825ddd is an unknown value
R12=0x0000000000000000 is an unknown value
R13=0x0000000017935428 is an unknown value
R14=0x0000000000000000 is an unknown value
R15=0x0000000000000000 is an unknown value


Stack: [0x00000000191c0000,0x00000000192c0000],  sp=0x00000000192bf920,  free space=1022k
Native frames: (J=compiled Java code, j=interpreted, Vv=VM code, C=native code)
V  [jvm.dll+0x11a3c5]
V  [jvm.dll+0x33413d]
C  [jdwp.dll+0x21a09]
C  [jdwp.dll+0x53b3]
C  [jdwp.dll+0x5571]
C  [jdwp.dll+0xf09c]
C  [jdwp.dll+0x1f2c9]
C  [jdwp.dll+0x1f49e]
V  [jvm.dll+0x1abba8]
V  [jvm.dll+0x22bde4]
V  [jvm.dll+0x2852fa]
C  [msvcr100.dll+0x21d9f]
C  [msvcr100.dll+0x21e3b]
C  [KERNEL32.DLL+0x13dc4]
C  [ntdll.dll+0x73691]


---------------  P R O C E S S  ---------------

Java Threads: ( => current thread )
  0x000000001b081000 JavaThread "DestroyJavaVM" [_thread_blocked, id=18016, stack(0x0000000002bc0000,0x0000000002cc0000)]
  0x000000001b079800 JavaThread "http-nio-58080-AsyncTimeout" daemon [_thread_blocked, id=16448, stack(0x0000000027db0000,0x0000000027eb0000)]
  0x000000001b07f800 JavaThread "http-nio-58080-Acceptor-0" daemon [_thread_in_native, id=11072, stack(0x0000000027cb0000,0x0000000027db0000)]
  0x000000001b07e800 JavaThread "http-nio-58080-ClientPoller-1" daemon [_thread_in_native, id=9804, stack(0x0000000027bb0000,0x0000000027cb0000)]
  0x000000001b07b000 JavaThread "http-nio-58080-ClientPoller-0" daemon [_thread_in_native, id=13472, stack(0x0000000027ab0000,0x0000000027bb0000)]
  0x000000001b07c800 JavaThread "http-nio-58080-exec-10" daemon [_thread_blocked, id=6004, stack(0x00000000279b0000,0x0000000027ab0000)]
  0x000000001b080800 JavaThread "http-nio-58080-exec-9" daemon [_thread_blocked, id=5644, stack(0x00000000278b0000,0x00000000279b0000)]
  0x000000001b07e000 JavaThread "http-nio-58080-exec-8" daemon [_thread_blocked, id=18504, stack(0x00000000277b0000,0x00000000278b0000)]
  0x000000001b078800 JavaThread "http-nio-58080-exec-7" daemon [_thread_blocked, id=18256, stack(0x00000000276b0000,0x00000000277b0000)]
  0x000000001de31800 JavaThread "http-nio-58080-exec-6" daemon [_thread_blocked, id=18088, stack(0x00000000275b0000,0x00000000276b0000)]
  0x000000001de2f000 JavaThread "http-nio-58080-exec-5" daemon [_thread_blocked, id=5416, stack(0x00000000274b0000,0x00000000275b0000)]
  0x000000001de30800 JavaThread "http-nio-58080-exec-4" daemon [_thread_blocked, id=15332, stack(0x00000000273b0000,0x00000000274b0000)]
  0x000000001de2e800 JavaThread "http-nio-58080-exec-3" daemon [_thread_blocked, id=13744, stack(0x00000000272b0000,0x00000000273b0000)]
  0x000000001de2d800 JavaThread "http-nio-58080-exec-2" daemon [_thread_blocked, id=12704, stack(0x00000000271b0000,0x00000000272b0000)]
  0x000000001de2d000 JavaThread "http-nio-58080-exec-1" daemon [_thread_blocked, id=19144, stack(0x00000000270b0000,0x00000000271b0000)]
  0x000000001de2b800 JavaThread "NioBlockingSelector.BlockPoller-1" daemon [_thread_in_native, id=10596, stack(0x0000000026fb0000,0x00000000270b0000)]
  0x000000001b044800 JavaThread "Live Reload Server" daemon [_thread_in_native, id=17480, stack(0x0000000026cb0000,0x0000000026db0000)]
  0x000000001b496000 JavaThread "File Watcher" daemon [_thread_blocked, id=1828, stack(0x00000000268a0000,0x00000000269a0000)]
  0x000000001f9c4800 JavaThread "container-0" [_thread_blocked, id=11408, stack(0x0000000026320000,0x0000000026420000)]
  0x000000001a18c800 JavaThread "ContainerBackgroundProcessor[StandardEngine[Tomcat]]" daemon [_thread_blocked, id=15344, stack(0x00000000223d0000,0x00000000224d0000)]
  0x000000001a700800 JavaThread "Abandoned connection cleanup thread" daemon [_thread_blocked, id=19488, stack(0x00000000222d0000,0x00000000223d0000)]
  0x0000000019602000 JavaThread "Service Thread" daemon [_thread_blocked, id=19872, stack(0x0000000019bc0000,0x0000000019cc0000)]
  0x000000001797d000 JavaThread "C1 CompilerThread2" daemon [_thread_blocked, id=18812, stack(0x0000000019ac0000,0x0000000019bc0000)]
  0x000000001797a800 JavaThread "C2 CompilerThread1" daemon [_thread_blocked, id=8200, stack(0x00000000199c0000,0x0000000019ac0000)]
  0x0000000017948800 JavaThread "C2 CompilerThread0" daemon [_thread_blocked, id=11900, stack(0x00000000194c0000,0x00000000195c0000)]
  0x000000001793d000 JavaThread "JDWP Command Reader" daemon [_thread_in_native, id=13152, stack(0x00000000193c0000,0x00000000194c0000)]
  0x000000001793a000 JavaThread "JDWP Event Helper Thread" daemon [_thread_blocked, id=16992, stack(0x00000000192c0000,0x00000000193c0000)]
=>0x000000001792c000 JavaThread "JDWP Transport Listener: dt_socket" daemon [_thread_in_vm, id=9892, stack(0x00000000191c0000,0x00000000192c0000)]
  0x0000000017922800 JavaThread "Attach Listener" daemon [_thread_blocked, id=16716, stack(0x0000000018d80000,0x0000000018e80000)]
  0x0000000017921800 JavaThread "Signal Dispatcher" daemon [_thread_blocked, id=5148, stack(0x0000000018c80000,0x0000000018d80000)]
  0x00000000178e7800 JavaThread "Finalizer" daemon [_thread_blocked, id=15448, stack(0x0000000018b80000,0x0000000018c80000)]
  0x0000000002de3000 JavaThread "Reference Handler" daemon [_thread_blocked, id=19072, stack(0x0000000018a80000,0x0000000018b80000)]

Other Threads:
  0x00000000178e6800 VMThread [stack: 0x0000000018980000,0x0000000018a80000] [id=7656]
  0x000000001962e000 WatcherThread [stack: 0x0000000019cc0000,0x0000000019dc0000] [id=16492]

VM state:not at safepoint (normal execution)

VM Mutex/Monitor currently owned by a thread: None

Heap:
 PSYoungGen      total 323584K, used 104596K [0x00000000d5f00000, 0x00000000ee200000, 0x0000000100000000)
  eden space 300544K, 29% used [0x00000000d5f00000,0x00000000db462ab8,0x00000000e8480000)
  from space 23040K, 74% used [0x00000000e8480000,0x00000000e9542568,0x00000000e9b00000)
  to   space 24064K, 0% used [0x00000000eca80000,0x00000000eca80000,0x00000000ee200000)
 ParOldGen       total 150528K, used 43193K [0x0000000081c00000, 0x000000008af00000, 0x00000000d5f00000)
  object space 150528K, 28% used [0x0000000081c00000,0x000000008462e770,0x000000008af00000)
 Metaspace       used 69033K, capacity 72696K, committed 72792K, reserved 1112064K
  class space    used 9039K, capacity 9599K, committed 9600K, reserved 1048576K

Card table byte_map: [0x00000000121b0000,0x00000000125b0000] byte_map_base: 0x0000000011da2000

Marking Bits: (ParMarkBitMap*) 0x0000000072f4d490
 Begin Bits: [0x0000000012c60000, 0x0000000014bf0000)
 End Bits:   [0x0000000014bf0000, 0x0000000016b80000)

Polling page: 0x00000000009f0000

CodeCache: size=245760Kb used=28862Kb max_used=28957Kb free=216897Kb
 bounds [0x0000000002df0000, 0x0000000004a60000, 0x0000000011df0000]
 total_blobs=8447 nmethods=7883 adapters=484
 compilation: enabled

Compilation events (10 events):
Event: 504.733 Thread 0x000000001797d000 nmethod 9402 0x0000000003198410 code [0x0000000003198560, 0x0000000003198790]
Event: 504.733 Thread 0x000000001797d000 9403       3       org.apache.tomcat.util.buf.ByteChunk::toString (30 bytes)
Event: 504.733 Thread 0x000000001797d000 nmethod 9403 0x0000000003eaf6d0 code [0x0000000003eaf840, 0x0000000003eafa88]
Event: 504.735 Thread 0x000000001797d000 9404       3       org.apache.catalina.connector.Response::getContentLength (8 bytes)
Event: 504.735 Thread 0x000000001797d000 nmethod 9404 0x000000000318a790 code [0x000000000318a900, 0x000000000318ac90]
Event: 504.736 Thread 0x000000001797d000 9405       3       org.apache.coyote.Response::getContentLength (18 bytes)
Event: 504.737 Thread 0x000000001797d000 nmethod 9405 0x0000000003495790 code [0x0000000003495900, 0x0000000003495b90]
Event: 504.738 Thread 0x000000001797d000 9406       3       java.text.DecimalFormat::append (94 bytes)
Event: 504.739 Thread 0x000000001797d000 nmethod 9406 0x00000000034f3dd0 code [0x00000000034f3fa0, 0x00000000034f4b28]
Event: 504.863 Thread 0x0000000017948800 nmethod 9398 0x0000000004671850 code [0x0000000004671b20, 0x0000000004674b90]

GC Heap History (10 events):
Event: 15.028 GC heap before
{Heap before GC invocations=14 (full 2):
 PSYoungGen      total 216064K, used 216041K [0x00000000d5f00000, 0x00000000e7900000, 0x0000000100000000)
  eden space 198656K, 100% used [0x00000000d5f00000,0x00000000e2100000,0x00000000e2100000)
  from space 17408K, 99% used [0x00000000e2100000,0x00000000e31fa728,0x00000000e3200000)
  to   space 20992K, 0% used [0x00000000e6480000,0x00000000e6480000,0x00000000e7900000)
 ParOldGen       total 100352K, used 24279K [0x0000000081c00000, 0x0000000087e00000, 0x00000000d5f00000)
  object space 100352K, 24% used [0x0000000081c00000,0x00000000833b5fd0,0x0000000087e00000)
 Metaspace       used 54425K, capacity 56776K, committed 56920K, reserved 1099776K
  class space    used 7072K, capacity 7485K, committed 7552K, reserved 1048576K
Event: 15.059 GC heap after
Heap after GC invocations=14 (full 2):
 PSYoungGen      total 264192K, used 20967K [0x00000000d5f00000, 0x00000000e7f80000, 0x0000000100000000)
  eden space 243200K, 0% used [0x00000000d5f00000,0x00000000d5f00000,0x00000000e4c80000)
  from space 20992K, 99% used [0x00000000e6480000,0x00000000e78f9fe0,0x00000000e7900000)
  to   space 24576K, 0% used [0x00000000e4c80000,0x00000000e4c80000,0x00000000e6480000)
 ParOldGen       total 100352K, used 25071K [0x0000000081c00000, 0x0000000087e00000, 0x00000000d5f00000)
  object space 100352K, 24% used [0x0000000081c00000,0x000000008347bfb0,0x0000000087e00000)
 Metaspace       used 54425K, capacity 56776K, committed 56920K, reserved 1099776K
  class space    used 7072K, capacity 7485K, committed 7552K, reserved 1048576K
}
Event: 16.823 GC heap before
{Heap before GC invocations=15 (full 2):
 PSYoungGen      total 264192K, used 176248K [0x00000000d5f00000, 0x00000000e7f80000, 0x0000000100000000)
  eden space 243200K, 63% used [0x00000000d5f00000,0x00000000df6a41a0,0x00000000e4c80000)
  from space 20992K, 99% used [0x00000000e6480000,0x00000000e78f9fe0,0x00000000e7900000)
  to   space 24576K, 0% used [0x00000000e4c80000,0x00000000e4c80000,0x00000000e6480000)
 ParOldGen       total 100352K, used 25071K [0x0000000081c00000, 0x0000000087e00000, 0x00000000d5f00000)
  object space 100352K, 24% used [0x0000000081c00000,0x000000008347bfb0,0x0000000087e00000)
 Metaspace       used 56320K, capacity 58800K, committed 58968K, reserved 1099776K
  class space    used 7287K, capacity 7697K, committed 7808K, reserved 1048576K
Event: 16.877 GC heap after
Heap after GC invocations=15 (full 2):
 PSYoungGen      total 267776K, used 13220K [0x00000000d5f00000, 0x00000000ebf00000, 0x0000000100000000)
  eden space 243200K, 0% used [0x00000000d5f00000,0x00000000d5f00000,0x00000000e4c80000)
  from space 24576K, 53% used [0x00000000e4c80000,0x00000000e59691b0,0x00000000e6480000)
  to   space 24064K, 0% used [0x00000000ea780000,0x00000000ea780000,0x00000000ebf00000)
 ParOldGen       total 100352K, used 35450K [0x0000000081c00000, 0x0000000087e00000, 0x00000000d5f00000)
  object space 100352K, 35% used [0x0000000081c00000,0x0000000083e9e9b8,0x0000000087e00000)
 Metaspace       used 56320K, capacity 58800K, committed 58968K, reserved 1099776K
  class space    used 7287K, capacity 7697K, committed 7808K, reserved 1048576K
}
Event: 16.877 GC heap before
{Heap before GC invocations=16 (full 3):
 PSYoungGen      total 267776K, used 13220K [0x00000000d5f00000, 0x00000000ebf00000, 0x0000000100000000)
  eden space 243200K, 0% used [0x00000000d5f00000,0x00000000d5f00000,0x00000000e4c80000)
  from space 24576K, 53% used [0x00000000e4c80000,0x00000000e59691b0,0x00000000e6480000)
  to   space 24064K, 0% used [0x00000000ea780000,0x00000000ea780000,0x00000000ebf00000)
 ParOldGen       total 100352K, used 35450K [0x0000000081c00000, 0x0000000087e00000, 0x00000000d5f00000)
  object space 100352K, 35% used [0x0000000081c00000,0x0000000083e9e9b8,0x0000000087e00000)
 Metaspace       used 56320K, capacity 58800K, committed 58968K, reserved 1099776K
  class space    used 7287K, capacity 7697K, committed 7808K, reserved 1048576K
Event: 17.218 GC heap after
Heap after GC invocations=16 (full 3):
 PSYoungGen      total 267776K, used 0K [0x00000000d5f00000, 0x00000000ebf00000, 0x0000000100000000)
  eden space 243200K, 0% used [0x00000000d5f00000,0x00000000d5f00000,0x00000000e4c80000)
  from space 24576K, 0% used [0x00000000e4c80000,0x00000000e4c80000,0x00000000e6480000)
  to   space 24064K, 0% used [0x00000000ea780000,0x00000000ea780000,0x00000000ebf00000)
 ParOldGen       total 150528K, used 43177K [0x0000000081c00000, 0x000000008af00000, 0x00000000d5f00000)
  object space 150528K, 28% used [0x0000000081c00000,0x000000008462a770,0x000000008af00000)
 Metaspace       used 56320K, capacity 58800K, committed 58968K, reserved 1099776K
  class space    used 7287K, capacity 7697K, committed 7808K, reserved 1048576K
}
Event: 20.212 GC heap before
{Heap before GC invocations=17 (full 3):
 PSYoungGen      total 267776K, used 243200K [0x00000000d5f00000, 0x00000000ebf00000, 0x0000000100000000)
  eden space 243200K, 100% used [0x00000000d5f00000,0x00000000e4c80000,0x00000000e4c80000)
  from space 24576K, 0% used [0x00000000e4c80000,0x00000000e4c80000,0x00000000e6480000)
  to   space 24064K, 0% used [0x00000000ea780000,0x00000000ea780000,0x00000000ebf00000)
 ParOldGen       total 150528K, used 43177K [0x0000000081c00000, 0x000000008af00000, 0x00000000d5f00000)
  object space 150528K, 28% used [0x0000000081c00000,0x000000008462a770,0x000000008af00000)
 Metaspace       used 59581K, capacity 62306K, committed 62552K, reserved 1103872K
  class space    used 7773K, capacity 8240K, committed 8320K, reserved 1048576K
Event: 20.227 GC heap after
Heap after GC invocations=17 (full 3):
 PSYoungGen      total 305664K, used 9965K [0x00000000d5f00000, 0x00000000eb180000, 0x0000000100000000)
  eden space 295424K, 0% used [0x00000000d5f00000,0x00000000d5f00000,0x00000000e7f80000)
  from space 10240K, 97% used [0x00000000ea780000,0x00000000eb13b680,0x00000000eb180000)
  to   space 23040K, 0% used [0x00000000e8480000,0x00000000e8480000,0x00000000e9b00000)
 ParOldGen       total 150528K, used 43185K [0x0000000081c00000, 0x000000008af00000, 0x00000000d5f00000)
  object space 150528K, 28% used [0x0000000081c00000,0x000000008462c770,0x000000008af00000)
 Metaspace       used 59581K, capacity 62306K, committed 62552K, reserved 1103872K
  class space    used 7773K, capacity 8240K, committed 8320K, reserved 1048576K
}
Event: 386.837 GC heap before
{Heap before GC invocations=18 (full 3):
 PSYoungGen      total 305664K, used 305389K [0x00000000d5f00000, 0x00000000eb180000, 0x0000000100000000)
  eden space 295424K, 100% used [0x00000000d5f00000,0x00000000e7f80000,0x00000000e7f80000)
  from space 10240K, 97% used [0x00000000ea780000,0x00000000eb13b680,0x00000000eb180000)
  to   space 23040K, 0% used [0x00000000e8480000,0x00000000e8480000,0x00000000e9b00000)
 ParOldGen       total 150528K, used 43185K [0x0000000081c00000, 0x000000008af00000, 0x00000000d5f00000)
  object space 150528K, 28% used [0x0000000081c00000,0x000000008462c770,0x000000008af00000)
 Metaspace       used 67571K, capacity 70696K, committed 70744K, reserved 1110016K
  class space    used 8838K, capacity 9325K, committed 9344K, reserved 1048576K
Event: 386.867 GC heap after
Heap after GC invocations=18 (full 3):
 PSYoungGen      total 323584K, used 17161K [0x00000000d5f00000, 0x00000000ee200000, 0x0000000100000000)
  eden space 300544K, 0% used [0x00000000d5f00000,0x00000000d5f00000,0x00000000e8480000)
  from space 23040K, 74% used [0x00000000e8480000,0x00000000e9542568,0x00000000e9b00000)
  to   space 24064K, 0% used [0x00000000eca80000,0x00000000eca80000,0x00000000ee200000)
 ParOldGen       total 150528K, used 43193K [0x0000000081c00000, 0x000000008af00000, 0x00000000d5f00000)
  object space 150528K, 28% used [0x0000000081c00000,0x000000008462e770,0x000000008af00000)
 Metaspace       used 67571K, capacity 70696K, committed 70744K, reserved 1110016K
  class space    used 8838K, capacity 9325K, committed 9344K, reserved 1048576K
}

Deoptimization events (10 events):
Event: 478.575 Thread 0x000000001de2d800 Uncommon trap: reason=range_check action=none pc=0x000000000311f45c method=sun.reflect.generics.parser.SignatureParser.current()C @ 34
Event: 478.581 Thread 0x000000001de2d800 Uncommon trap: reason=range_check action=none pc=0x000000000311f45c method=sun.reflect.generics.parser.SignatureParser.current()C @ 34
Event: 478.582 Thread 0x000000001de2d800 Uncommon trap: reason=range_check action=none pc=0x000000000311f45c method=sun.reflect.generics.parser.SignatureParser.current()C @ 34
Event: 478.587 Thread 0x000000001de2d800 Uncommon trap: reason=range_check action=none pc=0x000000000311f45c method=sun.reflect.generics.parser.SignatureParser.current()C @ 34
Event: 478.587 Thread 0x000000001de2d800 Uncommon trap: reason=range_check action=none pc=0x000000000311f45c method=sun.reflect.generics.parser.SignatureParser.current()C @ 34
Event: 478.596 Thread 0x000000001de2d800 Uncommon trap: reason=unhandled action=none pc=0x0000000003644d5c method=java.net.URLClassLoader$1.run()Ljava/lang/Class; @ 72
Event: 495.264 Thread 0x000000001de2e800 Uncommon trap: reason=unhandled action=none pc=0x0000000003644d5c method=java.net.URLClassLoader$1.run()Ljava/lang/Class; @ 72
Event: 495.270 Thread 0x000000001de2e800 Uncommon trap: reason=unhandled action=none pc=0x0000000003644d5c method=java.net.URLClassLoader$1.run()Ljava/lang/Class; @ 72
Event: 495.272 Thread 0x000000001de2e800 Uncommon trap: reason=unhandled action=none pc=0x0000000004175e84 method=java.lang.Class.getDeclaredMethod(Ljava/lang/String;[Ljava/lang/Class;)Ljava/lang/reflect/Method; @ 64
Event: 504.653 Thread 0x000000001de2e800 Uncommon trap: reason=unreached action=reinterpret pc=0x0000000004a1c5f0 method=com.fasterxml.jackson.databind.ser.BeanPropertyWriter.serializeAsField(Ljava/lang/Object;Lcom/fasterxml/jackson/core/JsonGenerator;Lcom/fasterxml/jackson/databind/SerializerPro€ùÂ4é}@

Internal exceptions (10 events):
Event: 478.587 Thread 0x000000001de2d800 Exception <a 'java/lang/ArrayIndexOutOfBoundsException': 55> (0x00000000d9ca0b10) thrown at [D:\re\workspace\8-2-build-windows-amd64-cygwin\jdk8u25\1677\hotspot\src\share\vm\interpreter\interpreterRuntime.cpp, line 366]
Event: 478.597 Thread 0x000000001de2d800 Exception <a 'java/security/PrivilegedActionException'> (0x00000000d9d0ebf0) thrown at [D:\re\workspace\8-2-build-windows-amd64-cygwin\jdk8u25\1677\hotspot\src\share\vm\prims\jvm.cpp, line 1312]
Event: 495.264 Thread 0x000000001de2e800 Exception <a 'java/security/PrivilegedActionException'> (0x00000000d8e02258) thrown at [D:\re\workspace\8-2-build-windows-amd64-cygwin\jdk8u25\1677\hotspot\src\share\vm\prims\jvm.cpp, line 1312]
Event: 495.270 Thread 0x000000001de2e800 Exception <a 'java/security/PrivilegedActionException'> (0x00000000d8e31380) thrown at [D:\re\workspace\8-2-build-windows-amd64-cygwin\jdk8u25\1677\hotspot\src\share\vm\prims\jvm.cpp, line 1312]
Event: 495.272 Thread 0x000000001de2e800 NullPointerException at vtable entry 0x0000000002f0fd58
Event: 495.272 Thread 0x000000001de2e800 Exception <a 'java/lang/NullPointerException'> (0x00000000d8e3d8d0) thrown at [D:\re\workspace\8-2-build-windows-amd64-cygwin\jdk8u25\1677\hotspot\src\share\vm\runtime\sharedRuntime.cpp, line 604]
Event: 501.751 Thread 0x000000001de2e800 Exception <a 'java/lang/reflect/InvocationTargetException'> (0x00000000da8fcb28) thrown at [D:\re\workspace\8-2-build-windows-amd64-cygwin\jdk8u25\1677\hotspot\src\share\vm\runtime\reflection.cpp, line 1080]
Event: 501.752 Thread 0x000000001de2e800 Exception <a 'java/lang/reflect/InvocationTargetException'> (0x00000000da8fd320) thrown at [D:\re\workspace\8-2-build-windows-amd64-cygwin\jdk8u25\1677\hotspot\src\share\vm\runtime\reflection.cpp, line 1080]
Event: 501.753 Thread 0x000000001de2e800 Exception <a 'java/lang/reflect/InvocationTargetException'> (0x00000000da8fd988) thrown at [D:\re\workspace\8-2-build-windows-amd64-cygwin\jdk8u25\1677\hotspot\src\share\vm\runtime\reflection.cpp, line 1080]
Event: 501.762 Thread 0x000000001de2e800 Exception <a 'java/lang/reflect/InvocationTargetException'> (0x00000000da8ff0a0) thrown at [D:\re\workspace\8-2-build-windows-amd64-cygwin\jdk8u25\1677\hotspot\src\share\vm\runtime\reflection.cpp, line 1080]

Events (10 events):
Event: 504.721 Executing VM operation: RevokeBias done
Event: 504.728 Thread 0x000000001797a800 flushing nmethod 0x0000000003eaf6d0
Event: 504.734 Thread 0x000000001797a800 flushing nmethod 0x00000000041ebc50
Event: 504.738 Thread 0x000000001797d000 flushing nmethod 0x00000000044d9a10
Event: 504.738 Thread 0x000000001797d000 flushing nmethod 0x00000000044db310
Event: 504.740 Thread 0x000000001797d000 flushing nmethod 0x000000000466f8d0
Event: 504.741 Thread 0x000000001797d000 flushing nmethod 0x00000000046f6a10
Event: 504.741 Thread 0x000000001797d000 flushing nmethod 0x00000000046f7790
Event: 528.893 Executing VM operation: RedefineClasses
Event: 528.952 Executing VM operation: RedefineClasses done


Dynamic libraries:
0x00007ff7a9740000 - 0x00007ff7a9774000 	C:\Program Files\Java\jdk1.8.0_25\bin\javaw.exe
0x00007ffc36000000 - 0x00007ffc361e1000 	C:\WINDOWS\SYSTEM32\ntdll.dll
0x00007ffc33e00000 - 0x00007ffc33eb2000 	C:\WINDOWS\System32\KERNEL32.DLL
0x00007ffc32f30000 - 0x00007ffc331a3000 	C:\WINDOWS\System32\KERNELBASE.dll
0x00007ffc33ec0000 - 0x00007ffc33f61000 	C:\WINDOWS\System32\ADVAPI32.dll
0x00007ffc33790000 - 0x00007ffc3382e000 	C:\WINDOWS\System32\msvcrt.dll
0x00007ffc35f70000 - 0x00007ffc35fcb000 	C:\WINDOWS\System32\sechost.dll
0x00007ffc345c0000 - 0x00007ffc346e4000 	C:\WINDOWS\System32\RPCRT4.dll
0x00007ffc339c0000 - 0x00007ffc33b50000 	C:\WINDOWS\System32\USER32.dll
0x00007ffc331b0000 - 0x00007ffc331d0000 	C:\WINDOWS\System32\win32u.dll
0x00007ffc35c10000 - 0x00007ffc35c38000 	C:\WINDOWS\System32\GDI32.dll
0x00007ffc33270000 - 0x00007ffc33402000 	C:\WINDOWS\System32\gdi32full.dll
0x00007ffc331d0000 - 0x00007ffc3326f000 	C:\WINDOWS\System32\msvcp_win.dll
0x00007ffc323d0000 - 0x00007ffc324ca000 	C:\WINDOWS\System32\ucrtbase.dll
0x00007ffc1d850000 - 0x00007ffc1dab9000 	C:\WINDOWS\WinSxS\amd64_microsoft.windows.common-controls_6595b64144ccf1df_6.0.17134.590_none_fb3d9bff3069e088\COMCTL32.dll
0x00007ffc35c40000 - 0x00007ffc35f62000 	C:\WINDOWS\System32\combase.dll
0x00007ffc33410000 - 0x00007ffc3348a000 	C:\WINDOWS\System32\bcryptPrimitives.dll
0x00007ffc35be0000 - 0x00007ffc35c0d000 	C:\WINDOWS\System32\IMM32.DLL
0x0000000072fd0000 - 0x00000000730a2000 	C:\Program Files\Java\jdk1.8.0_25\jre\bin\msvcr100.dll
0x0000000072770000 - 0x0000000072fca000 	C:\Program Files\Java\jdk1.8.0_25\jre\bin\server\jvm.dll
0x00007ffc34790000 - 0x00007ffc34798000 	C:\WINDOWS\System32\PSAPI.DLL
0x00007ffc1cb90000 - 0x00007ffc1cb99000 	C:\WINDOWS\SYSTEM32\WSOCK32.dll
0x00007ffc2fb70000 - 0x00007ffc2fb93000 	C:\WINDOWS\SYSTEM32\WINMM.dll
0x00007ffc344f0000 - 0x00007ffc3455c000 	C:\WINDOWS\System32\WS2_32.dll
0x00007ffc2fb40000 - 0x00007ffc2fb6a000 	C:\WINDOWS\SYSTEM32\WINMMBASE.dll
0x00007ffc32ee0000 - 0x00007ffc32f29000 	C:\WINDOWS\System32\cfgmgr32.dll
0x0000000072760000 - 0x000000007276f000 	C:\Program Files\Java\jdk1.8.0_25\jre\bin\verify.dll
0x0000000072730000 - 0x0000000072758000 	C:\Program Files\Java\jdk1.8.0_25\jre\bin\java.dll
0x00000000726f0000 - 0x0000000072725000 	C:\Program Files\Java\jdk1.8.0_25\jre\bin\jdwp.dll
0x00000000726e0000 - 0x00000000726e8000 	C:\Program Files\Java\jdk1.8.0_25\jre\bin\npt.dll
0x00000000726c0000 - 0x00000000726d6000 	C:\Program Files\Java\jdk1.8.0_25\jre\bin\zip.dll
0x00007ffc347a0000 - 0x00007ffc35be0000 	C:\WINDOWS\System32\SHELL32.dll
0x00007ffc33f90000 - 0x00007ffc34039000 	C:\WINDOWS\System32\shcore.dll
0x00007ffc32720000 - 0x00007ffc32e2d000 	C:\WINDOWS\System32\windows.storage.dll
0x00007ffc34490000 - 0x00007ffc344e1000 	C:\WINDOWS\System32\shlwapi.dll
0x00007ffc32310000 - 0x00007ffc32321000 	C:\WINDOWS\System32\kernel.appcore.dll
0x00007ffc32340000 - 0x00007ffc3235f000 	C:\WINDOWS\System32\profapi.dll
0x00007ffc32360000 - 0x00007ffc323ac000 	C:\WINDOWS\System32\powrprof.dll
0x00007ffc32330000 - 0x00007ffc3233a000 	C:\WINDOWS\System32\FLTLIB.DLL
0x00000000726b0000 - 0x00000000726b9000 	C:\Program Files\Java\jdk1.8.0_25\jre\bin\dt_socket.dll
0x00007ffc185f0000 - 0x00007ffc18606000 	C:\WINDOWS\system32\napinsp.dll
0x00007ffc185d0000 - 0x00007ffc185ea000 	C:\WINDOWS\system32\pnrpnsp.dll
0x00007ffc2dd90000 - 0x00007ffc2dda9000 	C:\WINDOWS\system32\NLAapi.dll
0x00007ffc317d0000 - 0x00007ffc31836000 	C:\WINDOWS\System32\mswsock.dll
0x00007ffc315a0000 - 0x00007ffc3165e000 	C:\WINDOWS\SYSTEM32\DNSAPI.dll
0x00007ffc339b0000 - 0x00007ffc339b8000 	C:\WINDOWS\System32\NSI.dll
0x00007ffc31550000 - 0x00007ffc31588000 	C:\WINDOWS\SYSTEM32\IPHLPAPI.DLL
0x00007ffc18890000 - 0x00007ffc1889e000 	C:\WINDOWS\System32\winrnr.dll
0x00007ffc2abc0000 - 0x00007ffc2abd5000 	C:\WINDOWS\System32\wshbth.dll
0x00007ffc2cd30000 - 0x00007ffc2cda2000 	C:\WINDOWS\System32\fwpuclnt.dll
0x00007ffc31ec0000 - 0x00007ffc31ee5000 	C:\WINDOWS\SYSTEM32\bcrypt.dll
0x00007ffc2a8c0000 - 0x00007ffc2a8ca000 	C:\Windows\System32\rasadhlp.dll
0x00000000726a0000 - 0x00000000726ad000 	C:\Program Files\Java\jdk1.8.0_25\jre\bin\management.dll
0x0000000072680000 - 0x000000007269a000 	C:\Program Files\Java\jdk1.8.0_25\jre\bin\net.dll
0x0000000072660000 - 0x0000000072671000 	C:\Program Files\Java\jdk1.8.0_25\jre\bin\nio.dll
0x00007ffc31b50000 - 0x00007ffc31b67000 	C:\WINDOWS\SYSTEM32\CRYPTSP.dll
0x00007ffc313b0000 - 0x00007ffc313e3000 	C:\WINDOWS\system32\rsaenh.dll
0x00007ffc32240000 - 0x00007ffc32268000 	C:\WINDOWS\SYSTEM32\USERENV.dll
0x00007ffc319a0000 - 0x00007ffc319ab000 	C:\WINDOWS\SYSTEM32\CRYPTBASE.dll
0x00007ffc2c290000 - 0x00007ffc2c2a6000 	C:\WINDOWS\SYSTEM32\dhcpcsvc6.DLL
0x00007ffc2bb70000 - 0x00007ffc2bb8a000 	C:\WINDOWS\SYSTEM32\dhcpcsvc.DLL
0x00007ffc31ef0000 - 0x00007ffc320b9000 	C:\WINDOWS\SYSTEM32\dbghelp.dll

VM Arguments:
jvm_args: -agentlib:jdwp=transport=dt_socket,suspend=y,address=localhost:58024 -Dfile.encoding=UTF-8 
java_command: com.sixdee.wfm.WFMApplication
java_class_path (initial): F:\Workspace\NaliniDev\WF_Backend\target\classes;C:\Users\nalini.n\.m2\repository\org\springframework\boot\spring-boot-starter-data-jpa\2.0.0.RELEASE\spring-boot-starter-data-jpa-2.0.0.RELEASE.jar;C:\Users\nalini.n\.m2\repository\org\springframework\boot\spring-boot-starter\2.0.0.RELEASE\spring-boot-starter-2.0.0.RELEASE.jar;C:\Users\nalini.n\.m2\repository\org\springframework\boot\spring-boot-starter-logging\2.0.0.RELEASE\spring-boot-starter-logging-2.0.0.RELEASE.jar;C:\Users\nalini.n\.m2\repository\ch\qos\logback\logback-classic\1.2.3\logback-classic-1.2.3.jar;C:\Users\nalini.n\.m2\repository\ch\qos\logback\logback-core\1.2.3\logback-core-1.2.3.jar;C:\Users\nalini.n\.m2\repository\org\apache\logging\log4j\log4j-to-slf4j\2.10.0\log4j-to-slf4j-2.10.0.jar;C:\Users\nalini.n\.m2\repository\javax\annotation\javax.annotation-api\1.3.2\javax.annotation-api-1.3.2.jar;C:\Users\nalini.n\.m2\repository\org\yaml\snakeyaml\1.19\snakeyaml-1.19.jar;C:\Users\nalini.n\.m2\repository\org\springframework\boot\spring-boot-starter-aop\2.0.0.RELEASE\spring-boot-starter-aop-2.0.0.RELEASE.jar;C:\Users\nalini.n\.m2\repository\org\aspectj\aspectjweaver\1.8.13\aspectjweaver-1.8.13.jar;C:\Users\nalini.n\.m2\repository\org\hibernate\hibernate-core\5.2.14.Final\hibernate-core-5.2.14.Final.jar;C:\Users\nalini.n\.m2\repository\org\jboss\logging\jboss-logging\3.3.2.Final\jboss-logging-3.3.2.Final.jar;C:\Users\nalini.n\.m2\repository\org\hibernate\javax\persistence\hibernate-jpa-2.1-api\1.0.0.Final\hibernate-jpa-2.1-api-1.0.0.Final.jar;C:\Users\nalini.n\.m2\repository\org\javassist\javassist\3.22.0-GA\javassist-3.22.0-GA.jar;C:\Users\nalini.n\.m2\repository\antlr\antlr\2.7.7\antlr-2.7.7.jar;C:\Users\nalini.n\.m2\repository\org\jboss\jandex\2.0.3.Final\jandex-2.0.3.Final.jar;C:\Users\nalini.n\.m2\repository\dom4j\dom4j\1.6.1\dom4j-1.6.1.jar;C:\Users\nalini.n\.m2\repository\org\hibernate\common\hibernate-commons-annotations\5.0.1.Final\hibernate-commons-annotations-5.0.1.
Launcher Type: SUN_STANDARD

Environment Variables:
JAVA_HOME=C:\Program Files\Java\jdk1.8.0_25
PATH=C:\Program Files\Java\jdk1.8.0_25\jre\bin;C:\ProgramData\DockerDesktop\version-bin;C:\Program Files\Docker\Docker\Resources\bin;C:\Program Files (x86)\NetSarang\Xshell 6\;C:\ProgramData\Oracle\Java\javapath;C:\Program Files (x86)\Intel\iCLS Client\;C:\Program Files\Intel\iCLS Client\;C:\WINDOWS\system32;C:\WINDOWS;C:\WINDOWS\System32\Wbem;C:\WINDOWS\System32\WindowsPowerShell\v1.0\;C:\Program Files (x86)\Intel\Intel(R) Management Engine Components\DAL;C:\Program Files\Intel\Intel(R) Management Engine Components\DAL;C:\Program Files (x86)\Intel\Intel(R) Management Engine Components\IPT;C:\Program Files\Intel\Intel(R) Management Engine Components\IPT;C:\Program Files (x86)\Skype\Phone\;C:\Program Files\Java\jdk1.8.0_25\bin;D:\maven\apache-maven-3.5.2\bin;C:\Program Files\nodejs\;C:\WINDOWS\System32\OpenSSH\;C:\Program Files\Microsoft VS Code\bin;C:\Program Files\Git\cmd;C:\Users\nalini.n\AppData\Local\Microsoft\WindowsApps;C:\Users\nalini.n\AppData\Roaming\npm;C:\Program Files\Microsoft VS Code\bin;;C:\Program Files\Docker Toolbox
USERNAME=nalini.n
OS=Windows_NT
PROCESSOR_IDENTIFIER=Intel64 Family 6 Model 142 Stepping 9, GenuineIntel



---------------  S Y S T E M  ---------------

OS: Windows 8.1 , 64 bit Build 9600 

CPU:total 4 (2 cores per cpu, 2 threads per core) family 6 model 142 stepping 9, cmov, cx8, fxsr, mmx, sse, sse2, sse3, ssse3, sse4.1, sse4.2, popcnt, avx, avx2, aes, clmul, erms, lzcnt, ht, tsc, tscinvbit, bmi1, bmi2

Memory: 4k page, physical 8267884k(2382572k free), swap 13660452k(3140752k free)

vm_info: Java HotSpot(TM) 64-Bit Server VM (25.25-b02) for windows-amd64 JRE (1.8.0_25-b18), built on Oct  7 2014 14:25:37 by "java_re" with MS VC++ 10.0 (VS2010)

time: Wed Mar 27 15:05:18 2019
elapsed time: 529 seconds (0d 0h 8m 49s)

